2023-02-26 20:24:54,915 INFO  Logger.cs: 70 - 
--------------------------------------------------------------------------------
2023-02-26 20:24:54,991 INFO  Logger.cs: 71 - Logging commencing for SW2URDF exporter
2023-02-26 20:24:54,996 INFO  Logger.cs: 73 - Commit version 1.6.0-4-g7f85cfe
2023-02-26 20:24:54,997 INFO  Logger.cs: 74 - Build version 1.6.7995.38578
2023-02-26 20:24:55,010 INFO  SwAddin.cs: 192 - Attempting to connect to SW
2023-02-26 20:24:55,011 INFO  SwAddin.cs: 197 - Setting up callbacks
2023-02-26 20:24:55,014 INFO  SwAddin.cs: 201 - Setting up command manager
2023-02-26 20:24:55,016 INFO  SwAddin.cs: 204 - Adding command manager
2023-02-26 20:24:55,026 INFO  SwAddin.cs: 263 - Adding Assembly export to file menu
2023-02-26 20:24:55,032 INFO  SwAddin.cs: 272 - Adding Part export to file menu
2023-02-26 20:24:55,032 INFO  SwAddin.cs: 210 - Adding event handlers
2023-02-26 20:24:55,115 INFO  SwAddin.cs: 217 - Connecting plugin to SolidWorks
2023-02-26 20:46:39,012 INFO  SwAddin.cs: 294 - Assembly export called for file ·Й»ъ±Ъ°е.SLDASM
2023-02-26 20:46:39,018 INFO  SwAddin.cs: 305 - A rebuild is required
2023-02-26 20:46:39,019 INFO  SwAddin.cs: 313 - Saving assembly
2023-02-26 20:46:39,571 INFO  SwAddin.cs: 316 - Opening property manager
2023-02-26 20:46:39,608 INFO  ExportHelperExtension.cs: 1125 - Retrieving features of type [CoordSys] from ·Й»ъ±Ъ°е.SLDASM
2023-02-26 20:46:39,619 INFO  ExportHelperExtension.cs: 1136 - Found 43 in ·Й»ъ±Ъ°е.SLDASM
2023-02-26 20:46:39,620 INFO  ExportHelperExtension.cs: 1145 - Found 0 features of type [CoordSys] in ·Й»ъ±Ъ°е.SLDASM
2023-02-26 20:46:39,621 INFO  ExportHelperExtension.cs: 1148 - Proceeding through assembly components
2023-02-26 20:46:39,623 INFO  ExportHelperExtension.cs: 1160 - 19 components to check
2023-02-26 20:46:39,624 INFO  ExportHelperExtension.cs: 1125 - Retrieving features of type [CoordSys] from имјЬ-2
2023-02-26 20:46:39,625 INFO  ExportHelperExtension.cs: 1136 - Found 23 in имјЬ-2
2023-02-26 20:46:39,626 INFO  ExportHelperExtension.cs: 1145 - Found 0 features of type [CoordSys] in имјЬ-2
2023-02-26 20:46:39,626 INFO  ExportHelperExtension.cs: 1125 - Retrieving features of type [CoordSys] from имјЬ-10
2023-02-26 20:46:39,627 INFO  ExportHelperExtension.cs: 1136 - Found 23 in имјЬ-10
2023-02-26 20:46:39,627 INFO  ExportHelperExtension.cs: 1145 - Found 0 features of type [CoordSys] in имјЬ-10
2023-02-26 20:46:39,628 INFO  ExportHelperExtension.cs: 1125 - Retrieving features of type [CoordSys] from ±Ъ°е-1
2023-02-26 20:46:39,629 INFO  ExportHelperExtension.cs: 1136 - Found 23 in ±Ъ°е-1
2023-02-26 20:46:39,629 INFO  ExportHelperExtension.cs: 1145 - Found 0 features of type [CoordSys] in ±Ъ°е-1
2023-02-26 20:46:39,630 INFO  ExportHelperExtension.cs: 1125 - Retrieving features of type [CoordSys] from имјЬ-4
2023-02-26 20:46:39,630 INFO  ExportHelperExtension.cs: 1136 - Found 23 in имјЬ-4
2023-02-26 20:46:39,633 INFO  ExportHelperExtension.cs: 1145 - Found 0 features of type [CoordSys] in имјЬ-4
2023-02-26 20:46:39,634 INFO  ExportHelperExtension.cs: 1125 - Retrieving features of type [CoordSys] from имјЬ-9
2023-02-26 20:46:39,635 INFO  ExportHelperExtension.cs: 1136 - Found 23 in имјЬ-9
2023-02-26 20:46:39,636 INFO  ExportHelperExtension.cs: 1145 - Found 0 features of type [CoordSys] in имјЬ-9
2023-02-26 20:46:39,636 INFO  ExportHelperExtension.cs: 1125 - Retrieving features of type [CoordSys] from имјЬ-3
2023-02-26 20:46:39,637 INFO  ExportHelperExtension.cs: 1136 - Found 23 in имјЬ-3
2023-02-26 20:46:39,637 INFO  ExportHelperExtension.cs: 1145 - Found 0 features of type [CoordSys] in имјЬ-3
2023-02-26 20:46:39,637 INFO  ExportHelperExtension.cs: 1125 - Retrieving features of type [CoordSys] from имјЬ-7
2023-02-26 20:46:39,638 INFO  ExportHelperExtension.cs: 1136 - Found 23 in имјЬ-7
2023-02-26 20:46:39,638 INFO  ExportHelperExtension.cs: 1145 - Found 0 features of type [CoordSys] in имјЬ-7
2023-02-26 20:46:39,639 INFO  ExportHelperExtension.cs: 1125 - Retrieving features of type [CoordSys] from имјЬ-5
2023-02-26 20:46:39,639 INFO  ExportHelperExtension.cs: 1136 - Found 23 in имјЬ-5
2023-02-26 20:46:39,641 INFO  ExportHelperExtension.cs: 1145 - Found 0 features of type [CoordSys] in имјЬ-5
2023-02-26 20:46:39,641 INFO  ExportHelperExtension.cs: 1125 - Retrieving features of type [CoordSys] from имјЬ-6
2023-02-26 20:46:39,642 INFO  ExportHelperExtension.cs: 1136 - Found 23 in имјЬ-6
2023-02-26 20:46:39,643 INFO  ExportHelperExtension.cs: 1145 - Found 0 features of type [CoordSys] in имјЬ-6
2023-02-26 20:46:39,643 INFO  ExportHelperExtension.cs: 1125 - Retrieving features of type [CoordSys] from имјЬ-8
2023-02-26 20:46:39,644 INFO  ExportHelperExtension.cs: 1136 - Found 23 in имјЬ-8
2023-02-26 20:46:39,644 INFO  ExportHelperExtension.cs: 1145 - Found 0 features of type [CoordSys] in имјЬ-8
2023-02-26 20:46:39,645 INFO  ExportHelperExtension.cs: 1125 - Retrieving features of type [CoordSys] from имјЬ-11
2023-02-26 20:46:39,645 INFO  ExportHelperExtension.cs: 1136 - Found 23 in имјЬ-11
2023-02-26 20:46:39,646 INFO  ExportHelperExtension.cs: 1145 - Found 0 features of type [CoordSys] in имјЬ-11
2023-02-26 20:46:39,646 INFO  ExportHelperExtension.cs: 1125 - Retrieving features of type [CoordSys] from имјЬ-19
2023-02-26 20:46:39,646 INFO  ExportHelperExtension.cs: 1136 - Found 23 in имјЬ-19
2023-02-26 20:46:39,647 INFO  ExportHelperExtension.cs: 1145 - Found 0 features of type [CoordSys] in имјЬ-19
2023-02-26 20:46:39,648 INFO  ExportHelperExtension.cs: 1125 - Retrieving features of type [CoordSys] from имјЬ-12
2023-02-26 20:46:39,648 INFO  ExportHelperExtension.cs: 1136 - Found 23 in имјЬ-12
2023-02-26 20:46:39,649 INFO  ExportHelperExtension.cs: 1145 - Found 0 features of type [CoordSys] in имјЬ-12
2023-02-26 20:46:39,650 INFO  ExportHelperExtension.cs: 1125 - Retrieving features of type [CoordSys] from имјЬ-14
2023-02-26 20:46:39,651 INFO  ExportHelperExtension.cs: 1136 - Found 23 in имјЬ-14
2023-02-26 20:46:39,651 INFO  ExportHelperExtension.cs: 1145 - Found 0 features of type [CoordSys] in имјЬ-14
2023-02-26 20:46:39,652 INFO  ExportHelperExtension.cs: 1125 - Retrieving features of type [CoordSys] from имјЬ-16
2023-02-26 20:46:39,653 INFO  ExportHelperExtension.cs: 1136 - Found 23 in имјЬ-16
2023-02-26 20:46:39,654 INFO  ExportHelperExtension.cs: 1145 - Found 0 features of type [CoordSys] in имјЬ-16
2023-02-26 20:46:39,655 INFO  ExportHelperExtension.cs: 1125 - Retrieving features of type [CoordSys] from имјЬ-17
2023-02-26 20:46:39,655 INFO  ExportHelperExtension.cs: 1136 - Found 23 in имјЬ-17
2023-02-26 20:46:39,656 INFO  ExportHelperExtension.cs: 1145 - Found 0 features of type [CoordSys] in имјЬ-17
2023-02-26 20:46:39,656 INFO  ExportHelperExtension.cs: 1125 - Retrieving features of type [CoordSys] from имјЬ-18
2023-02-26 20:46:39,657 INFO  ExportHelperExtension.cs: 1136 - Found 23 in имјЬ-18
2023-02-26 20:46:39,657 INFO  ExportHelperExtension.cs: 1145 - Found 0 features of type [CoordSys] in имјЬ-18
2023-02-26 20:46:39,658 INFO  ExportHelperExtension.cs: 1125 - Retrieving features of type [CoordSys] from имјЬ-13
2023-02-26 20:46:39,658 INFO  ExportHelperExtension.cs: 1136 - Found 23 in имјЬ-13
2023-02-26 20:46:39,659 INFO  ExportHelperExtension.cs: 1145 - Found 0 features of type [CoordSys] in имјЬ-13
2023-02-26 20:46:39,659 INFO  ExportHelperExtension.cs: 1125 - Retrieving features of type [CoordSys] from имјЬ-15
2023-02-26 20:46:39,660 INFO  ExportHelperExtension.cs: 1136 - Found 23 in имјЬ-15
2023-02-26 20:46:39,660 INFO  ExportHelperExtension.cs: 1145 - Found 0 features of type [CoordSys] in имјЬ-15
2023-02-26 20:46:39,661 INFO  ExportHelperExtension.cs: 1125 - Retrieving features of type [RefAxis] from ·Й»ъ±Ъ°е.SLDASM
2023-02-26 20:46:39,661 INFO  ExportHelperExtension.cs: 1136 - Found 43 in ·Й»ъ±Ъ°е.SLDASM
2023-02-26 20:46:39,662 INFO  ExportHelperExtension.cs: 1145 - Found 0 features of type [RefAxis] in ·Й»ъ±Ъ°е.SLDASM
2023-02-26 20:46:39,662 INFO  ExportHelperExtension.cs: 1148 - Proceeding through assembly components
2023-02-26 20:46:39,662 INFO  ExportHelperExtension.cs: 1160 - 19 components to check
2023-02-26 20:46:39,663 INFO  ExportHelperExtension.cs: 1125 - Retrieving features of type [RefAxis] from имјЬ-2
2023-02-26 20:46:39,664 INFO  ExportHelperExtension.cs: 1136 - Found 23 in имјЬ-2
2023-02-26 20:46:39,664 INFO  ExportHelperExtension.cs: 1145 - Found 0 features of type [RefAxis] in имјЬ-2
2023-02-26 20:46:39,665 INFO  ExportHelperExtension.cs: 1125 - Retrieving features of type [RefAxis] from имјЬ-10
2023-02-26 20:46:39,665 INFO  ExportHelperExtension.cs: 1136 - Found 23 in имјЬ-10
2023-02-26 20:46:39,666 INFO  ExportHelperExtension.cs: 1145 - Found 0 features of type [RefAxis] in имјЬ-10
2023-02-26 20:46:39,666 INFO  ExportHelperExtension.cs: 1125 - Retrieving features of type [RefAxis] from ±Ъ°е-1
2023-02-26 20:46:39,800 INFO  ExportHelperExtension.cs: 1136 - Found 23 in ±Ъ°е-1
2023-02-26 20:46:39,801 INFO  ExportHelperExtension.cs: 1145 - Found 0 features of type [RefAxis] in ±Ъ°е-1
2023-02-26 20:46:39,801 INFO  ExportHelperExtension.cs: 1125 - Retrieving features of type [RefAxis] from имјЬ-4
2023-02-26 20:46:39,802 INFO  ExportHelperExtension.cs: 1136 - Found 23 in имјЬ-4
2023-02-26 20:46:39,803 INFO  ExportHelperExtension.cs: 1145 - Found 0 features of type [RefAxis] in имјЬ-4
2023-02-26 20:46:39,803 INFO  ExportHelperExtension.cs: 1125 - Retrieving features of type [RefAxis] from имјЬ-9
2023-02-26 20:46:39,804 INFO  ExportHelperExtension.cs: 1136 - Found 23 in имјЬ-9
2023-02-26 20:46:39,804 INFO  ExportHelperExtension.cs: 1145 - Found 0 features of type [RefAxis] in имјЬ-9
2023-02-26 20:46:39,805 INFO  ExportHelperExtension.cs: 1125 - Retrieving features of type [RefAxis] from имјЬ-3
2023-02-26 20:46:39,805 INFO  ExportHelperExtension.cs: 1136 - Found 23 in имјЬ-3
2023-02-26 20:46:39,806 INFO  ExportHelperExtension.cs: 1145 - Found 0 features of type [RefAxis] in имјЬ-3
2023-02-26 20:46:39,807 INFO  ExportHelperExtension.cs: 1125 - Retrieving features of type [RefAxis] from имјЬ-7
2023-02-26 20:46:39,807 INFO  ExportHelperExtension.cs: 1136 - Found 23 in имјЬ-7
2023-02-26 20:46:39,808 INFO  ExportHelperExtension.cs: 1145 - Found 0 features of type [RefAxis] in имјЬ-7
2023-02-26 20:46:39,808 INFO  ExportHelperExtension.cs: 1125 - Retrieving features of type [RefAxis] from имјЬ-5
2023-02-26 20:46:39,809 INFO  ExportHelperExtension.cs: 1136 - Found 23 in имјЬ-5
2023-02-26 20:46:39,809 INFO  ExportHelperExtension.cs: 1145 - Found 0 features of type [RefAxis] in имјЬ-5
2023-02-26 20:46:39,810 INFO  ExportHelperExtension.cs: 1125 - Retrieving features of type [RefAxis] from имјЬ-6
2023-02-26 20:46:39,810 INFO  ExportHelperExtension.cs: 1136 - Found 23 in имјЬ-6
2023-02-26 20:46:39,811 INFO  ExportHelperExtension.cs: 1145 - Found 0 features of type [RefAxis] in имјЬ-6
2023-02-26 20:46:39,811 INFO  ExportHelperExtension.cs: 1125 - Retrieving features of type [RefAxis] from имјЬ-8
2023-02-26 20:46:39,812 INFO  ExportHelperExtension.cs: 1136 - Found 23 in имјЬ-8
2023-02-26 20:46:39,812 INFO  ExportHelperExtension.cs: 1145 - Found 0 features of type [RefAxis] in имјЬ-8
2023-02-26 20:46:39,812 INFO  ExportHelperExtension.cs: 1125 - Retrieving features of type [RefAxis] from имјЬ-11
2023-02-26 20:46:39,813 INFO  ExportHelperExtension.cs: 1136 - Found 23 in имјЬ-11
2023-02-26 20:46:39,814 INFO  ExportHelperExtension.cs: 1145 - Found 0 features of type [RefAxis] in имјЬ-11
2023-02-26 20:46:39,814 INFO  ExportHelperExtension.cs: 1125 - Retrieving features of type [RefAxis] from имјЬ-19
2023-02-26 20:46:39,815 INFO  ExportHelperExtension.cs: 1136 - Found 23 in имјЬ-19
2023-02-26 20:46:39,816 INFO  ExportHelperExtension.cs: 1145 - Found 0 features of type [RefAxis] in имјЬ-19
2023-02-26 20:46:39,817 INFO  ExportHelperExtension.cs: 1125 - Retrieving features of type [RefAxis] from имјЬ-12
2023-02-26 20:46:39,817 INFO  ExportHelperExtension.cs: 1136 - Found 23 in имјЬ-12
2023-02-26 20:46:39,818 INFO  ExportHelperExtension.cs: 1145 - Found 0 features of type [RefAxis] in имјЬ-12
2023-02-26 20:46:39,818 INFO  ExportHelperExtension.cs: 1125 - Retrieving features of type [RefAxis] from имјЬ-14
2023-02-26 20:46:39,819 INFO  ExportHelperExtension.cs: 1136 - Found 23 in имјЬ-14
2023-02-26 20:46:39,820 INFO  ExportHelperExtension.cs: 1145 - Found 0 features of type [RefAxis] in имјЬ-14
2023-02-26 20:46:39,820 INFO  ExportHelperExtension.cs: 1125 - Retrieving features of type [RefAxis] from имјЬ-16
2023-02-26 20:46:39,821 INFO  ExportHelperExtension.cs: 1136 - Found 23 in имјЬ-16
2023-02-26 20:46:39,821 INFO  ExportHelperExtension.cs: 1145 - Found 0 features of type [RefAxis] in имјЬ-16
2023-02-26 20:46:39,822 INFO  ExportHelperExtension.cs: 1125 - Retrieving features of type [RefAxis] from имјЬ-17
2023-02-26 20:46:39,822 INFO  ExportHelperExtension.cs: 1136 - Found 23 in имјЬ-17
2023-02-26 20:46:39,823 INFO  ExportHelperExtension.cs: 1145 - Found 0 features of type [RefAxis] in имјЬ-17
2023-02-26 20:46:39,823 INFO  ExportHelperExtension.cs: 1125 - Retrieving features of type [RefAxis] from имјЬ-18
2023-02-26 20:46:39,824 INFO  ExportHelperExtension.cs: 1136 - Found 23 in имјЬ-18
2023-02-26 20:46:39,825 INFO  ExportHelperExtension.cs: 1145 - Found 0 features of type [RefAxis] in имјЬ-18
2023-02-26 20:46:39,825 INFO  ExportHelperExtension.cs: 1125 - Retrieving features of type [RefAxis] from имјЬ-13
2023-02-26 20:46:39,826 INFO  ExportHelperExtension.cs: 1136 - Found 23 in имјЬ-13
2023-02-26 20:46:39,826 INFO  ExportHelperExtension.cs: 1145 - Found 0 features of type [RefAxis] in имјЬ-13
2023-02-26 20:46:39,827 INFO  ExportHelperExtension.cs: 1125 - Retrieving features of type [RefAxis] from имјЬ-15
2023-02-26 20:46:39,827 INFO  ExportHelperExtension.cs: 1136 - Found 23 in имјЬ-15
2023-02-26 20:46:39,828 INFO  ExportHelperExtension.cs: 1145 - Found 0 features of type [RefAxis] in имјЬ-15
2023-02-26 20:46:40,084 INFO  SwAddin.cs: 339 - Loading config tree
2023-02-26 20:46:40,090 INFO  ExportPropertyManagerExtension.cs: 520 - Starting new configuration
2023-02-26 20:46:40,094 INFO  SwAddin.cs: 344 - Showing property manager
2023-02-26 20:46:49,208 INFO  ExportPropertyManager.cs: 1136 - OnNumberBoxTrackingCompleted called. This method no longer throws an Exception. It just silently does nothing. Ok, except for this logging message
2023-02-26 20:48:57,301 INFO  ExportPropertyManager.cs: 422 - Configuration saved
2023-02-26 20:49:00,233 INFO  ExportHelperExtension.cs: 347 - Creating joint line_Link
2023-02-26 20:49:00,245 INFO  ExportHelperExtension.cs: 1397 - Fixing components for base_link
2023-02-26 20:49:00,246 INFO  ExportHelperExtension.cs: 1402 - Fixing 22
2023-02-26 20:49:00,473 INFO  ExportHelperExtension.cs: 832 - R1: 0, 0
2023-02-26 20:49:00,474 INFO  ExportHelperExtension.cs: 841 - R2: 0, 0
2023-02-26 20:49:00,475 INFO  ExportHelperExtension.cs: 849 - L1: 0
2023-02-26 20:49:00,475 INFO  ExportHelperExtension.cs: 857 - L2: 0
2023-02-26 20:49:00,511 INFO  ExportHelperExtension.cs: 1352 - Unfixing component 22
2023-02-26 20:49:02,154 WARN  ExportHelperExtension.cs: 351 - Creating joint from parent base_link to child line_Link failed
2023-02-26 20:49:02,352 INFO  ExportHelperExtension.cs: 1125 - Retrieving features of type [CoordSys] from ·Й»ъ±Ъ°е.SLDASM
2023-02-26 20:49:02,357 INFO  ExportHelperExtension.cs: 1136 - Found 47 in ·Й»ъ±Ъ°е.SLDASM
2023-02-26 20:49:02,359 INFO  ExportHelperExtension.cs: 1145 - Found 2 features of type [CoordSys] in ·Й»ъ±Ъ°е.SLDASM
2023-02-26 20:49:02,359 INFO  ExportHelperExtension.cs: 1148 - Proceeding through assembly components
2023-02-26 20:49:02,360 INFO  ExportHelperExtension.cs: 1160 - 19 components to check
2023-02-26 20:49:02,360 INFO  ExportHelperExtension.cs: 1125 - Retrieving features of type [CoordSys] from имјЬ-2
2023-02-26 20:49:02,361 INFO  ExportHelperExtension.cs: 1136 - Found 23 in имјЬ-2
2023-02-26 20:49:02,361 INFO  ExportHelperExtension.cs: 1145 - Found 0 features of type [CoordSys] in имјЬ-2
2023-02-26 20:49:02,362 INFO  ExportHelperExtension.cs: 1125 - Retrieving features of type [CoordSys] from имјЬ-10
2023-02-26 20:49:02,362 INFO  ExportHelperExtension.cs: 1136 - Found 23 in имјЬ-10
2023-02-26 20:49:02,363 INFO  ExportHelperExtension.cs: 1145 - Found 0 features of type [CoordSys] in имјЬ-10
2023-02-26 20:49:02,363 INFO  ExportHelperExtension.cs: 1125 - Retrieving features of type [CoordSys] from ±Ъ°е-1
2023-02-26 20:49:02,364 INFO  ExportHelperExtension.cs: 1136 - Found 23 in ±Ъ°е-1
2023-02-26 20:49:02,367 INFO  ExportHelperExtension.cs: 1145 - Found 0 features of type [CoordSys] in ±Ъ°е-1
2023-02-26 20:49:02,368 INFO  ExportHelperExtension.cs: 1125 - Retrieving features of type [CoordSys] from имјЬ-4
2023-02-26 20:49:02,368 INFO  ExportHelperExtension.cs: 1136 - Found 23 in имјЬ-4
2023-02-26 20:49:02,368 INFO  ExportHelperExtension.cs: 1145 - Found 0 features of type [CoordSys] in имјЬ-4
2023-02-26 20:49:02,368 INFO  ExportHelperExtension.cs: 1125 - Retrieving features of type [CoordSys] from имјЬ-9
2023-02-26 20:49:02,369 INFO  ExportHelperExtension.cs: 1136 - Found 23 in имјЬ-9
2023-02-26 20:49:02,369 INFO  ExportHelperExtension.cs: 1145 - Found 0 features of type [CoordSys] in имјЬ-9
2023-02-26 20:49:02,370 INFO  ExportHelperExtension.cs: 1125 - Retrieving features of type [CoordSys] from имјЬ-3
2023-02-26 20:49:02,370 INFO  ExportHelperExtension.cs: 1136 - Found 23 in имјЬ-3
2023-02-26 20:49:02,371 INFO  ExportHelperExtension.cs: 1145 - Found 0 features of type [CoordSys] in имјЬ-3
2023-02-26 20:49:02,371 INFO  ExportHelperExtension.cs: 1125 - Retrieving features of type [CoordSys] from имјЬ-7
2023-02-26 20:49:02,371 INFO  ExportHelperExtension.cs: 1136 - Found 23 in имјЬ-7
2023-02-26 20:49:02,372 INFO  ExportHelperExtension.cs: 1145 - Found 0 features of type [CoordSys] in имјЬ-7
2023-02-26 20:49:02,372 INFO  ExportHelperExtension.cs: 1125 - Retrieving features of type [CoordSys] from имјЬ-5
2023-02-26 20:49:02,373 INFO  ExportHelperExtension.cs: 1136 - Found 23 in имјЬ-5
2023-02-26 20:49:02,373 INFO  ExportHelperExtension.cs: 1145 - Found 0 features of type [CoordSys] in имјЬ-5
2023-02-26 20:49:02,374 INFO  ExportHelperExtension.cs: 1125 - Retrieving features of type [CoordSys] from имјЬ-6
2023-02-26 20:49:02,374 INFO  ExportHelperExtension.cs: 1136 - Found 23 in имјЬ-6
2023-02-26 20:49:02,375 INFO  ExportHelperExtension.cs: 1145 - Found 0 features of type [CoordSys] in имјЬ-6
2023-02-26 20:49:02,375 INFO  ExportHelperExtension.cs: 1125 - Retrieving features of type [CoordSys] from имјЬ-8
2023-02-26 20:49:02,375 INFO  ExportHelperExtension.cs: 1136 - Found 23 in имјЬ-8
2023-02-26 20:49:02,376 INFO  ExportHelperExtension.cs: 1145 - Found 0 features of type [CoordSys] in имјЬ-8
2023-02-26 20:49:02,376 INFO  ExportHelperExtension.cs: 1125 - Retrieving features of type [CoordSys] from имјЬ-11
2023-02-26 20:49:02,377 INFO  ExportHelperExtension.cs: 1136 - Found 23 in имјЬ-11
2023-02-26 20:49:02,377 INFO  ExportHelperExtension.cs: 1145 - Found 0 features of type [CoordSys] in имјЬ-11
2023-02-26 20:49:02,378 INFO  ExportHelperExtension.cs: 1125 - Retrieving features of type [CoordSys] from имјЬ-19
2023-02-26 20:49:02,378 INFO  ExportHelperExtension.cs: 1136 - Found 23 in имјЬ-19
2023-02-26 20:49:02,379 INFO  ExportHelperExtension.cs: 1145 - Found 0 features of type [CoordSys] in имјЬ-19
2023-02-26 20:49:02,380 INFO  ExportHelperExtension.cs: 1125 - Retrieving features of type [CoordSys] from имјЬ-12
2023-02-26 20:49:02,380 INFO  ExportHelperExtension.cs: 1136 - Found 23 in имјЬ-12
2023-02-26 20:49:02,381 INFO  ExportHelperExtension.cs: 1145 - Found 0 features of type [CoordSys] in имјЬ-12
2023-02-26 20:49:02,382 INFO  ExportHelperExtension.cs: 1125 - Retrieving features of type [CoordSys] from имјЬ-14
2023-02-26 20:49:02,383 INFO  ExportHelperExtension.cs: 1136 - Found 23 in имјЬ-14
2023-02-26 20:49:02,384 INFO  ExportHelperExtension.cs: 1145 - Found 0 features of type [CoordSys] in имјЬ-14
2023-02-26 20:49:02,385 INFO  ExportHelperExtension.cs: 1125 - Retrieving features of type [CoordSys] from имјЬ-16
2023-02-26 20:49:02,386 INFO  ExportHelperExtension.cs: 1136 - Found 23 in имјЬ-16
2023-02-26 20:49:02,387 INFO  ExportHelperExtension.cs: 1145 - Found 0 features of type [CoordSys] in имјЬ-16
2023-02-26 20:49:02,387 INFO  ExportHelperExtension.cs: 1125 - Retrieving features of type [CoordSys] from имјЬ-17
2023-02-26 20:49:02,387 INFO  ExportHelperExtension.cs: 1136 - Found 23 in имјЬ-17
2023-02-26 20:49:02,388 INFO  ExportHelperExtension.cs: 1145 - Found 0 features of type [CoordSys] in имјЬ-17
2023-02-26 20:49:02,388 INFO  ExportHelperExtension.cs: 1125 - Retrieving features of type [CoordSys] from имјЬ-18
2023-02-26 20:49:02,389 INFO  ExportHelperExtension.cs: 1136 - Found 23 in имјЬ-18
2023-02-26 20:49:02,389 INFO  ExportHelperExtension.cs: 1145 - Found 0 features of type [CoordSys] in имјЬ-18
2023-02-26 20:49:02,390 INFO  ExportHelperExtension.cs: 1125 - Retrieving features of type [CoordSys] from имјЬ-13
2023-02-26 20:49:02,390 INFO  ExportHelperExtension.cs: 1136 - Found 23 in имјЬ-13
2023-02-26 20:49:02,391 INFO  ExportHelperExtension.cs: 1145 - Found 0 features of type [CoordSys] in имјЬ-13
2023-02-26 20:49:02,391 INFO  ExportHelperExtension.cs: 1125 - Retrieving features of type [CoordSys] from имјЬ-15
2023-02-26 20:49:02,392 INFO  ExportHelperExtension.cs: 1136 - Found 23 in имјЬ-15
2023-02-26 20:49:02,392 INFO  ExportHelperExtension.cs: 1145 - Found 0 features of type [CoordSys] in имјЬ-15
2023-02-26 20:49:02,393 INFO  ExportHelperExtension.cs: 1125 - Retrieving features of type [RefAxis] from ·Й»ъ±Ъ°е.SLDASM
2023-02-26 20:49:02,393 INFO  ExportHelperExtension.cs: 1136 - Found 47 in ·Й»ъ±Ъ°е.SLDASM
2023-02-26 20:49:02,394 INFO  ExportHelperExtension.cs: 1145 - Found 0 features of type [RefAxis] in ·Й»ъ±Ъ°е.SLDASM
2023-02-26 20:49:02,394 INFO  ExportHelperExtension.cs: 1148 - Proceeding through assembly components
2023-02-26 20:49:02,395 INFO  ExportHelperExtension.cs: 1160 - 19 components to check
2023-02-26 20:49:02,395 INFO  ExportHelperExtension.cs: 1125 - Retrieving features of type [RefAxis] from имјЬ-2
2023-02-26 20:49:02,396 INFO  ExportHelperExtension.cs: 1136 - Found 23 in имјЬ-2
2023-02-26 20:49:02,396 INFO  ExportHelperExtension.cs: 1145 - Found 0 features of type [RefAxis] in имјЬ-2
2023-02-26 20:49:02,397 INFO  ExportHelperExtension.cs: 1125 - Retrieving features of type [RefAxis] from имјЬ-10
2023-02-26 20:49:02,397 INFO  ExportHelperExtension.cs: 1136 - Found 23 in имјЬ-10
2023-02-26 20:49:02,398 INFO  ExportHelperExtension.cs: 1145 - Found 0 features of type [RefAxis] in имјЬ-10
2023-02-26 20:49:02,398 INFO  ExportHelperExtension.cs: 1125 - Retrieving features of type [RefAxis] from ±Ъ°е-1
2023-02-26 20:49:02,399 INFO  ExportHelperExtension.cs: 1136 - Found 23 in ±Ъ°е-1
2023-02-26 20:49:02,399 INFO  ExportHelperExtension.cs: 1145 - Found 0 features of type [RefAxis] in ±Ъ°е-1
2023-02-26 20:49:02,400 INFO  ExportHelperExtension.cs: 1125 - Retrieving features of type [RefAxis] from имјЬ-4
2023-02-26 20:49:02,400 INFO  ExportHelperExtension.cs: 1136 - Found 23 in имјЬ-4
2023-02-26 20:49:02,400 INFO  ExportHelperExtension.cs: 1145 - Found 0 features of type [RefAxis] in имјЬ-4
2023-02-26 20:49:02,401 INFO  ExportHelperExtension.cs: 1125 - Retrieving features of type [RefAxis] from имјЬ-9
2023-02-26 20:49:02,401 INFO  ExportHelperExtension.cs: 1136 - Found 23 in имјЬ-9
2023-02-26 20:49:02,402 INFO  ExportHelperExtension.cs: 1145 - Found 0 features of type [RefAxis] in имјЬ-9
2023-02-26 20:49:02,402 INFO  ExportHelperExtension.cs: 1125 - Retrieving features of type [RefAxis] from имјЬ-3
2023-02-26 20:49:02,403 INFO  ExportHelperExtension.cs: 1136 - Found 23 in имјЬ-3
2023-02-26 20:49:02,403 INFO  ExportHelperExtension.cs: 1145 - Found 0 features of type [RefAxis] in имјЬ-3
2023-02-26 20:49:02,404 INFO  ExportHelperExtension.cs: 1125 - Retrieving features of type [RefAxis] from имјЬ-7
2023-02-26 20:49:02,404 INFO  ExportHelperExtension.cs: 1136 - Found 23 in имјЬ-7
2023-02-26 20:49:02,405 INFO  ExportHelperExtension.cs: 1145 - Found 0 features of type [RefAxis] in имјЬ-7
2023-02-26 20:49:02,405 INFO  ExportHelperExtension.cs: 1125 - Retrieving features of type [RefAxis] from имјЬ-5
2023-02-26 20:49:02,406 INFO  ExportHelperExtension.cs: 1136 - Found 23 in имјЬ-5
2023-02-26 20:49:02,406 INFO  ExportHelperExtension.cs: 1145 - Found 0 features of type [RefAxis] in имјЬ-5
2023-02-26 20:49:02,407 INFO  ExportHelperExtension.cs: 1125 - Retrieving features of type [RefAxis] from имјЬ-6
2023-02-26 20:49:02,407 INFO  ExportHelperExtension.cs: 1136 - Found 23 in имјЬ-6
2023-02-26 20:49:02,408 INFO  ExportHelperExtension.cs: 1145 - Found 0 features of type [RefAxis] in имјЬ-6
2023-02-26 20:49:02,409 INFO  ExportHelperExtension.cs: 1125 - Retrieving features of type [RefAxis] from имјЬ-8
2023-02-26 20:49:02,409 INFO  ExportHelperExtension.cs: 1136 - Found 23 in имјЬ-8
2023-02-26 20:49:02,410 INFO  ExportHelperExtension.cs: 1145 - Found 0 features of type [RefAxis] in имјЬ-8
2023-02-26 20:49:02,410 INFO  ExportHelperExtension.cs: 1125 - Retrieving features of type [RefAxis] from имјЬ-11
2023-02-26 20:49:02,411 INFO  ExportHelperExtension.cs: 1136 - Found 23 in имјЬ-11
2023-02-26 20:49:02,411 INFO  ExportHelperExtension.cs: 1145 - Found 0 features of type [RefAxis] in имјЬ-11
2023-02-26 20:49:02,412 INFO  ExportHelperExtension.cs: 1125 - Retrieving features of type [RefAxis] from имјЬ-19
2023-02-26 20:49:02,412 INFO  ExportHelperExtension.cs: 1136 - Found 23 in имјЬ-19
2023-02-26 20:49:02,413 INFO  ExportHelperExtension.cs: 1145 - Found 0 features of type [RefAxis] in имјЬ-19
2023-02-26 20:49:02,413 INFO  ExportHelperExtension.cs: 1125 - Retrieving features of type [RefAxis] from имјЬ-12
2023-02-26 20:49:02,413 INFO  ExportHelperExtension.cs: 1136 - Found 23 in имјЬ-12
2023-02-26 20:49:02,414 INFO  ExportHelperExtension.cs: 1145 - Found 0 features of type [RefAxis] in имјЬ-12
2023-02-26 20:49:02,414 INFO  ExportHelperExtension.cs: 1125 - Retrieving features of type [RefAxis] from имјЬ-14
2023-02-26 20:49:02,415 INFO  ExportHelperExtension.cs: 1136 - Found 23 in имјЬ-14
2023-02-26 20:49:02,415 INFO  ExportHelperExtension.cs: 1145 - Found 0 features of type [RefAxis] in имјЬ-14
2023-02-26 20:49:02,416 INFO  ExportHelperExtension.cs: 1125 - Retrieving features of type [RefAxis] from имјЬ-16
2023-02-26 20:49:02,416 INFO  ExportHelperExtension.cs: 1136 - Found 23 in имјЬ-16
2023-02-26 20:49:02,417 INFO  ExportHelperExtension.cs: 1145 - Found 0 features of type [RefAxis] in имјЬ-16
2023-02-26 20:49:02,417 INFO  ExportHelperExtension.cs: 1125 - Retrieving features of type [RefAxis] from имјЬ-17
2023-02-26 20:49:02,418 INFO  ExportHelperExtension.cs: 1136 - Found 23 in имјЬ-17
2023-02-26 20:49:02,418 INFO  ExportHelperExtension.cs: 1145 - Found 0 features of type [RefAxis] in имјЬ-17
2023-02-26 20:49:02,419 INFO  ExportHelperExtension.cs: 1125 - Retrieving features of type [RefAxis] from имјЬ-18
2023-02-26 20:49:02,419 INFO  ExportHelperExtension.cs: 1136 - Found 23 in имјЬ-18
2023-02-26 20:49:02,420 INFO  ExportHelperExtension.cs: 1145 - Found 0 features of type [RefAxis] in имјЬ-18
2023-02-26 20:49:02,420 INFO  ExportHelperExtension.cs: 1125 - Retrieving features of type [RefAxis] from имјЬ-13
2023-02-26 20:49:02,421 INFO  ExportHelperExtension.cs: 1136 - Found 23 in имјЬ-13
2023-02-26 20:49:02,421 INFO  ExportHelperExtension.cs: 1145 - Found 0 features of type [RefAxis] in имјЬ-13
2023-02-26 20:49:02,422 INFO  ExportHelperExtension.cs: 1125 - Retrieving features of type [RefAxis] from имјЬ-15
2023-02-26 20:49:02,422 INFO  ExportHelperExtension.cs: 1136 - Found 23 in имјЬ-15
2023-02-26 20:49:02,431 INFO  ExportHelperExtension.cs: 1145 - Found 0 features of type [RefAxis] in имјЬ-15
2023-02-26 20:49:02,500 INFO  ExportPropertyManager.cs: 1142 - AfterClose called. This method no longer throws an Exception. It just silently does nothing. Ok, except for this logging message
2023-02-26 20:49:23,604 INFO  AssemblyExportForm.cs: 253 - Completing URDF export
2023-02-26 20:49:23,614 INFO  ConfigurationSerialization.cs: 276 - URDF Configuration found
<Link z:Id="i1" xmlns="http://schemas.datacontract.org/2004/07/SW2URDF" xmlns:i="http://www.w3.org/2001/XMLSchema-instance" xmlns:z="http://schemas.microsoft.com/2003/10/Serialization/"><Attributes><Attribute z:Id="i2"><AttributeType>name</AttributeType><IsRequired>true</IsRequired><Value i:type="a:string" xmlns:a="http://www.w3.org/2001/XMLSchema">base_link</Value></Attribute></Attributes><ChildElements><URDFElement z:Id="i3" i:type="Inertial"><Attributes/><ChildElements><URDFElement z:Id="i4" i:type="Origin"><Attributes><Attribute z:Id="i5"><AttributeType>xyz</AttributeType><IsRequired>true</IsRequired><Value i:type="a:ArrayOfdouble" xmlns:a="http://schemas.microsoft.com/2003/10/Serialization/Arrays"><a:double>0</a:double><a:double>0</a:double><a:double>0</a:double></Value></Attribute><Attribute z:Id="i6"><AttributeType>rpy</AttributeType><IsRequired>true</IsRequired><Value i:type="a:ArrayOfdouble" xmlns:a="http://schemas.microsoft.com/2003/10/Serialization/Arrays"><a:double>0</a:double><a:double>0</a:double><a:double>0</a:double></Value></Attribute></Attributes><ChildElements/><ElementName>origin</ElementName><required>false</required><RPYAttribute z:Ref="i6"/><XYZAttribute z:Ref="i5"/><isCustomized>false</isCustomized></URDFElement><URDFElement z:Id="i7" i:type="Mass"><Attributes><Attribute z:Id="i8"><AttributeType>value</AttributeType><IsRequired>true</IsRequired><Value i:type="a:double" xmlns:a="http://www.w3.org/2001/XMLSchema">0</Value></Attribute></Attributes><ChildElements/><ElementName>mass</ElementName><required>false</required><ValueAttribute z:Ref="i8"/></URDFElement><URDFElement z:Id="i9" i:type="Inertia"><Attributes><Attribute z:Id="i10"><AttributeType>ixx</AttributeType><IsRequired>true</IsRequired><Value i:type="a:double" xmlns:a="http://www.w3.org/2001/XMLSchema">0</Value></Attribute><Attribute z:Id="i11"><AttributeType>ixy</AttributeType><IsRequired>true</IsRequired><Value i:type="a:double" xmlns:a="http://www.w3.org/2001/XMLSchema">0</Value></Attribute><Attribute z:Id="i12"><AttributeType>ixz</AttributeType><IsRequired>true</IsRequired><Value i:type="a:double" xmlns:a="http://www.w3.org/2001/XMLSchema">0</Value></Attribute><Attribute z:Id="i13"><AttributeType>iyy</AttributeType><IsRequired>true</IsRequired><Value i:type="a:double" xmlns:a="http://www.w3.org/2001/XMLSchema">0</Value></Attribute><Attribute z:Id="i14"><AttributeType>iyz</AttributeType><IsRequired>true</IsRequired><Value i:type="a:double" xmlns:a="http://www.w3.org/2001/XMLSchema">0</Value></Attribute><Attribute z:Id="i15"><AttributeType>izz</AttributeType><IsRequired>true</IsRequired><Value i:type="a:double" xmlns:a="http://www.w3.org/2001/XMLSchema">0</Value></Attribute></Attributes><ChildElements/><ElementName>inertia</ElementName><required>false</required><IxxAttribute z:Ref="i10"/><IxyAttribute z:Ref="i11"/><IxzAttribute z:Ref="i12"/><IyyAttribute z:Ref="i13"/><IyzAttribute z:Ref="i14"/><IzzAttribute z:Ref="i15"/></URDFElement></ChildElements><ElementName>inertial</ElementName><required>false</required><Inertia z:Ref="i9"/><Mass z:Ref="i7"/><Origin z:Ref="i4"/></URDFElement><URDFElement z:Id="i16" i:type="Visual"><Attributes/><ChildElements><URDFElement z:Id="i17" i:type="Origin"><Attributes><Attribute z:Id="i18"><AttributeType>xyz</AttributeType><IsRequired>true</IsRequired><Value i:type="a:ArrayOfdouble" xmlns:a="http://schemas.microsoft.com/2003/10/Serialization/Arrays"><a:double>0</a:double><a:double>0</a:double><a:double>0</a:double></Value></Attribute><Attribute z:Id="i19"><AttributeType>rpy</AttributeType><IsRequired>true</IsRequired><Value i:type="a:ArrayOfdouble" xmlns:a="http://schemas.microsoft.com/2003/10/Serialization/Arrays"><a:double>0</a:double><a:double>0</a:double><a:double>0</a:double></Value></Attribute></Attributes><ChildElements/><ElementName>origin</ElementName><required>false</required><RPYAttribute z:Ref="i19"/><XYZAttribute z:Ref="i18"/><isCustomized>false</isCustomized></URDFElement><URDFElement z:Id="i20" i:type="Geometry"><Attributes/><ChildElements><URDFElement z:Id="i21" i:type="Mesh"><Attributes><Attribute z:Id="i22"><AttributeType>filename</AttributeType><IsRequired>true</IsRequired><Value i:nil="true"/></Attribute></Attributes><ChildElements/><ElementName>mesh</ElementName><required>false</required><FilenameAttribute z:Ref="i22"/></URDFElement></ChildElements><ElementName>geometry</ElementName><required>true</required><Mesh z:Ref="i21"/></URDFElement><URDFElement z:Id="i23" i:type="Material"><Attributes><Attribute z:Id="i24"><AttributeType>name</AttributeType><IsRequired>true</IsRequired><Value i:type="a:string" xmlns:a="http://www.w3.org/2001/XMLSchema"/></Attribute></Attributes><ChildElements><URDFElement z:Id="i25" i:type="Color"><Attributes><Attribute z:Id="i26"><AttributeType>rgba</AttributeType><IsRequired>true</IsRequired><Value i:type="a:ArrayOfdouble" xmlns:a="http://schemas.microsoft.com/2003/10/Serialization/Arrays"><a:double>1</a:double><a:double>1</a:double><a:double>1</a:double><a:double>1</a:double></Value></Attribute></Attributes><ChildElements/><ElementName>color</ElementName><required>false</required><RGBAAttribute z:Ref="i26"/></URDFElement><URDFElement z:Id="i27" i:type="Texture"><Attributes><Attribute z:Id="i28"><AttributeType>filename</AttributeType><IsRequired>true</IsRequired><Value i:nil="true"/></Attribute></Attributes><ChildElements/><ElementName>texture</ElementName><required>false</required><FilenameAttribute z:Ref="i28"/><wFilename/></URDFElement></ChildElements><ElementName>material</ElementName><required>false</required><Color z:Ref="i25"/><NameAttribute z:Ref="i24"/><Texture z:Ref="i27"/></URDFElement></ChildElements><ElementName>visual</ElementName><required>false</required><Geometry z:Ref="i20"/><Material z:Ref="i23"/><Origin z:Ref="i17"/></URDFElement><URDFElement z:Id="i29" i:type="Collision"><Attributes/><ChildElements><URDFElement z:Id="i30" i:type="Origin"><Attributes><Attribute z:Id="i31"><AttributeType>xyz</AttributeType><IsRequired>true</IsRequired><Value i:type="a:ArrayOfdouble" xmlns:a="http://schemas.microsoft.com/2003/10/Serialization/Arrays"><a:double>0</a:double><a:double>0</a:double><a:double>0</a:double></Value></Attribute><Attribute z:Id="i32"><AttributeType>rpy</AttributeType><IsRequired>true</IsRequired><Value i:type="a:ArrayOfdouble" xmlns:a="http://schemas.microsoft.com/2003/10/Serialization/Arrays"><a:double>0</a:double><a:double>0</a:double><a:double>0</a:double></Value></Attribute></Attributes><ChildElements/><ElementName>origin</ElementName><required>false</required><RPYAttribute z:Ref="i32"/><XYZAttribute z:Ref="i31"/><isCustomized>false</isCustomized></URDFElement><URDFElement z:Id="i33" i:type="Geometry"><Attributes/><ChildElements><URDFElement z:Id="i34" i:type="Mesh"><Attributes><Attribute z:Id="i35"><AttributeType>filename</AttributeType><IsRequired>true</IsRequired><Value i:nil="true"/></Attribute></Attributes><ChildElements/><ElementName>mesh</ElementName><required>false</required><FilenameAttribute z:Ref="i35"/></URDFElement></ChildElements><ElementName>geometry</ElementName><required>true</required><Mesh z:Ref="i34"/></URDFElement></ChildElements><ElementName>collision</ElementName><required>false</required><Geometry z:Ref="i33"/><Origin z:Ref="i30"/></URDFElement><URDFElement z:Id="i36" i:type="Joint"><Attributes><Attribute z:Id="i37"><AttributeType>name</AttributeType><IsRequired>true</IsRequired><Value i:type="a:string" xmlns:a="http://www.w3.org/2001/XMLSchema"/></Attribute><Attribute z:Id="i38"><AttributeType>type</AttributeType><IsRequired>true</IsRequired><Value i:type="a:string" xmlns:a="http://www.w3.org/2001/XMLSchema"/></Attribute></Attributes><ChildElements><URDFElement z:Id="i39" i:type="Origin"><Attributes><Attribute z:Id="i40"><AttributeType>xyz</AttributeType><IsRequired>true</IsRequired><Value i:type="a:ArrayOfdouble" xmlns:a="http://schemas.microsoft.com/2003/10/Serialization/Arrays"><a:double>0</a:double><a:double>0</a:double><a:double>0</a:double></Value></Attribute><Attribute z:Id="i41"><AttributeType>rpy</AttributeType><IsRequired>true</IsRequired><Value i:type="a:ArrayOfdouble" xmlns:a="http://schemas.microsoft.com/2003/10/Serialization/Arrays"><a:double>0</a:double><a:double>0</a:double><a:double>0</a:double></Value></Attribute></Attributes><ChildElements/><ElementName>origin</ElementName><required>false</required><RPYAttribute z:Ref="i41"/><XYZAttribute z:Ref="i40"/><isCustomized>false</isCustomized></URDFElement><URDFElement z:Id="i42" i:type="ParentLink"><Attributes><Attribute z:Id="i43"><AttributeType>link</AttributeType><IsRequired>true</IsRequired><Value i:type="a:string" xmlns:a="http://www.w3.org/2001/XMLSchema"/></Attribute></Attributes><ChildElements/><ElementName>parent</ElementName><required>true</required><NameAttribute z:Ref="i43"/></URDFElement><URDFElement z:Id="i44" i:type="ChildLink"><Attributes><Attribute z:Id="i45"><AttributeType>link</AttributeType><IsRequired>true</IsRequired><Value i:type="a:string" xmlns:a="http://www.w3.org/2001/XMLSchema"/></Attribute></Attributes><ChildElements/><ElementName>child</ElementName><required>true</required><NameAttribute z:Ref="i45"/></URDFElement><URDFElement z:Id="i46" i:type="Axis"><Attributes><Attribute z:Id="i47"><AttributeType>xyz</AttributeType><IsRequired>true</IsRequired><Value i:type="a:ArrayOfdouble" xmlns:a="http://schemas.microsoft.com/2003/10/Serialization/Arrays"><a:double>0</a:double><a:double>0</a:double><a:double>0</a:double></Value></Attribute></Attributes><ChildElements/><ElementName>axis</ElementName><required>false</required><XYZAttribute z:Ref="i47"/></URDFElement><URDFElement z:Id="i48" i:type="Limit"><Attributes><Attribute z:Id="i49"><AttributeType>lower</AttributeType><IsRequired>false</IsRequired><Value i:nil="true"/></Attribute><Attribute z:Id="i50"><AttributeType>upper</AttributeType><IsRequired>false</IsRequired><Value i:nil="true"/></Attribute><Attribute z:Id="i51"><AttributeType>effort</AttributeType><IsRequired>true</IsRequired><Value i:nil="true"/></Attribute><Attribute z:Id="i52"><AttributeType>velocity</AttributeType><IsRequired>true</IsRequired><Value i:nil="true"/></Attribute></Attributes><ChildElements/><ElementName>limit</ElementName><required>false</required><EffortAttribute z:Ref="i51"/><LowerAttribute z:Ref="i49"/><UpperAttribute z:Ref="i50"/><VelocityAttribute z:Ref="i52"/></URDFElement><URDFElement z:Id="i53" i:type="Calibration"><Attributes><Attribute z:Id="i54"><AttributeType>rising</AttributeType><IsRequired>false</IsRequired><Value i:nil="true"/></Attribute><Attribute z:Id="i55"><AttributeType>falling</AttributeType><IsRequired>false</IsRequired><Value i:nil="true"/></Attribute></Attributes><ChildElements/><ElementName>calibration</ElementName><required>false</required><FallingAttribute z:Ref="i55"/><RisingAttribute z:Ref="i54"/></URDFElement><URDFElement z:Id="i56" i:type="Dynamics"><Attributes><Attribute z:Id="i57"><AttributeType>damping</AttributeType><IsRequired>false</IsRequired><Value i:nil="true"/></Attribute><Attribute z:Id="i58"><AttributeType>friction</AttributeType><IsRequired>false</IsRequired><Value i:nil="true"/></Attribute></Attributes><ChildElements/><ElementName>dynamics</ElementName><required>false</required><DampingAttribute z:Ref="i57"/><FrictionAttribute z:Ref="i58"/></URDFElement><URDFElement z:Id="i59" i:type="SafetyController"><Attributes><Attribute z:Id="i60"><AttributeType>soft_upper_limit</AttributeType><IsRequired>false</IsRequired><Value i:nil="true"/></Attribute><Attribute z:Id="i61"><AttributeType>soft_lower_limit</AttributeType><IsRequired>false</IsRequired><Value i:nil="true"/></Attribute><Attribute z:Id="i62"><AttributeType>k_position</AttributeType><IsRequired>false</IsRequired><Value i:nil="true"/></Attribute><Attribute z:Id="i63"><AttributeType>k_velocity</AttributeType><IsRequired>true</IsRequired><Value i:nil="true"/></Attribute></Attributes><ChildElements/><ElementName>safety_controller</ElementName><required>false</required><KPositionAttribute z:Ref="i62"/><KVelocityAttribute z:Ref="i63"/><SoftLowerAttribute z:Ref="i61"/><SoftUpperAttribute z:Ref="i60"/></URDFElement><URDFElement z:Id="i64" i:type="Mimic"><Attributes><Attribute z:Id="i65"><AttributeType>joint</AttributeType><IsRequired>true</IsRequired><Value i:nil="true"/></Attribute><Attribute z:Id="i66"><AttributeType>multiplier</AttributeType><IsRequired>false</IsRequired><Value i:nil="true"/></Attribute><Attribute z:Id="i67"><AttributeType>offset</AttributeType><IsRequired>false</IsRequired><Value i:nil="true"/></Attribute></Attributes><ChildElements/><ElementName>mimic</ElementName><required>false</required><JointNameAttribute z:Ref="i65"/><MultiplierAttribute z:Ref="i66"/><OffsetAttribute z:Ref="i67"/></URDFElement></ChildElements><ElementName>joint</ElementName><required>false</required><Axis z:Ref="i46"/><AxisName/><Calibration z:Ref="i53"/><Child z:Ref="i44"/><CoordinateSystemName>Automatically Generate</CoordinateSystemName><Dynamics z:Ref="i56"/><Limit z:Ref="i48"/><Mimic z:Ref="i64"/><NameAttribute z:Ref="i37"/><Origin z:Ref="i39"/><Parent z:Ref="i42"/><Safety z:Ref="i59"/><TypeAttribute z:Ref="i38"/></URDFElement></ChildElements><ElementName>link</ElementName><required>true</required><Children><Link z:Id="i68"><Attributes><Attribute z:Id="i69"><AttributeType>name</AttributeType><IsRequired>true</IsRequired><Value i:type="a:string" xmlns:a="http://www.w3.org/2001/XMLSchema">line_Link</Value></Attribute></Attributes><ChildElements><URDFElement z:Id="i70" i:type="Inertial"><Attributes/><ChildElements><URDFElement z:Id="i71" i:type="Origin"><Attributes><Attribute z:Id="i72"><AttributeType>xyz</AttributeType><IsRequired>true</IsRequired><Value i:type="a:ArrayOfdouble" xmlns:a="http://schemas.microsoft.com/2003/10/Serialization/Arrays"><a:double>0</a:double><a:double>0</a:double><a:double>0</a:double></Value></Attribute><Attribute z:Id="i73"><AttributeType>rpy</AttributeType><IsRequired>true</IsRequired><Value i:type="a:ArrayOfdouble" xmlns:a="http://schemas.microsoft.com/2003/10/Serialization/Arrays"><a:double>0</a:double><a:double>0</a:double><a:double>0</a:double></Value></Attribute></Attributes><ChildElements/><ElementName>origin</ElementName><required>false</required><RPYAttribute z:Ref="i73"/><XYZAttribute z:Ref="i72"/><isCustomized>false</isCustomized></URDFElement><URDFElement z:Id="i74" i:type="Mass"><Attributes><Attribute z:Id="i75"><AttributeType>value</AttributeType><IsRequired>true</IsRequired><Value i:type="a:double" xmlns:a="http://www.w3.org/2001/XMLSchema">0</Value></Attribute></Attributes><ChildElements/><ElementName>mass</ElementName><required>false</required><ValueAttribute z:Ref="i75"/></URDFElement><URDFElement z:Id="i76" i:type="Inertia"><Attributes><Attribute z:Id="i77"><AttributeType>ixx</AttributeType><IsRequired>true</IsRequired><Value i:type="a:double" xmlns:a="http://www.w3.org/2001/XMLSchema">0</Value></Attribute><Attribute z:Id="i78"><AttributeType>ixy</AttributeType><IsRequired>true</IsRequired><Value i:type="a:double" xmlns:a="http://www.w3.org/2001/XMLSchema">0</Value></Attribute><Attribute z:Id="i79"><AttributeType>ixz</AttributeType><IsRequired>true</IsRequired><Value i:type="a:double" xmlns:a="http://www.w3.org/2001/XMLSchema">0</Value></Attribute><Attribute z:Id="i80"><AttributeType>iyy</AttributeType><IsRequired>true</IsRequired><Value i:type="a:double" xmlns:a="http://www.w3.org/2001/XMLSchema">0</Value></Attribute><Attribute z:Id="i81"><AttributeType>iyz</AttributeType><IsRequired>true</IsRequired><Value i:type="a:double" xmlns:a="http://www.w3.org/2001/XMLSchema">0</Value></Attribute><Attribute z:Id="i82"><AttributeType>izz</AttributeType><IsRequired>true</IsRequired><Value i:type="a:double" xmlns:a="http://www.w3.org/2001/XMLSchema">0</Value></Attribute></Attributes><ChildElements/><ElementName>inertia</ElementName><required>false</required><IxxAttribute z:Ref="i77"/><IxyAttribute z:Ref="i78"/><IxzAttribute z:Ref="i79"/><IyyAttribute z:Ref="i80"/><IyzAttribute z:Ref="i81"/><IzzAttribute z:Ref="i82"/></URDFElement></ChildElements><ElementName>inertial</ElementName><required>false</required><Inertia z:Ref="i76"/><Mass z:Ref="i74"/><Origin z:Ref="i71"/></URDFElement><URDFElement z:Id="i83" i:type="Visual"><Attributes/><ChildElements><URDFElement z:Id="i84" i:type="Origin"><Attributes><Attribute z:Id="i85"><AttributeType>xyz</AttributeType><IsRequired>true</IsRequired><Value i:type="a:ArrayOfdouble" xmlns:a="http://schemas.microsoft.com/2003/10/Serialization/Arrays"><a:double>0</a:double><a:double>0</a:double><a:double>0</a:double></Value></Attribute><Attribute z:Id="i86"><AttributeType>rpy</AttributeType><IsRequired>true</IsRequired><Value i:type="a:ArrayOfdouble" xmlns:a="http://schemas.microsoft.com/2003/10/Serialization/Arrays"><a:double>0</a:double><a:double>0</a:double><a:double>0</a:double></Value></Attribute></Attributes><ChildElements/><ElementName>origin</ElementName><required>false</required><RPYAttribute z:Ref="i86"/><XYZAttribute z:Ref="i85"/><isCustomized>false</isCustomized></URDFElement><URDFElement z:Id="i87" i:type="Geometry"><Attributes/><ChildElements><URDFElement z:Id="i88" i:type="Mesh"><Attributes><Attribute z:Id="i89"><AttributeType>filename</AttributeType><IsRequired>true</IsRequired><Value i:nil="true"/></Attribute></Attributes><ChildElements/><ElementName>mesh</ElementName><required>false</required><FilenameAttribute z:Ref="i89"/></URDFElement></ChildElements><ElementName>geometry</ElementName><required>true</required><Mesh z:Ref="i88"/></URDFElement><URDFElement z:Id="i90" i:type="Material"><Attributes><Attribute z:Id="i91"><AttributeType>name</AttributeType><IsRequired>true</IsRequired><Value i:type="a:string" xmlns:a="http://www.w3.org/2001/XMLSchema"/></Attribute></Attributes><ChildElements><URDFElement z:Id="i92" i:type="Color"><Attributes><Attribute z:Id="i93"><AttributeType>rgba</AttributeType><IsRequired>true</IsRequired><Value i:type="a:ArrayOfdouble" xmlns:a="http://schemas.microsoft.com/2003/10/Serialization/Arrays"><a:double>1</a:double><a:double>1</a:double><a:double>1</a:double><a:double>1</a:double></Value></Attribute></Attributes><ChildElements/><ElementName>color</ElementName><required>false</required><RGBAAttribute z:Ref="i93"/></URDFElement><URDFElement z:Id="i94" i:type="Texture"><Attributes><Attribute z:Id="i95"><AttributeType>filename</AttributeType><IsRequired>true</IsRequired><Value i:nil="true"/></Attribute></Attributes><ChildElements/><ElementName>texture</ElementName><required>false</required><FilenameAttribute z:Ref="i95"/><wFilename/></URDFElement></ChildElements><ElementName>material</ElementName><required>false</required><Color z:Ref="i92"/><NameAttribute z:Ref="i91"/><Texture z:Ref="i94"/></URDFElement></ChildElements><ElementName>visual</ElementName><required>false</required><Geometry z:Ref="i87"/><Material z:Ref="i90"/><Origin z:Ref="i84"/></URDFElement><URDFElement z:Id="i96" i:type="Collision"><Attributes/><ChildElements><URDFElement z:Id="i97" i:type="Origin"><Attributes><Attribute z:Id="i98"><AttributeType>xyz</AttributeType><IsRequired>true</IsRequired><Value i:type="a:ArrayOfdouble" xmlns:a="http://schemas.microsoft.com/2003/10/Serialization/Arrays"><a:double>0</a:double><a:double>0</a:double><a:double>0</a:double></Value></Attribute><Attribute z:Id="i99"><AttributeType>rpy</AttributeType><IsRequired>true</IsRequired><Value i:type="a:ArrayOfdouble" xmlns:a="http://schemas.microsoft.com/2003/10/Serialization/Arrays"><a:double>0</a:double><a:double>0</a:double><a:double>0</a:double></Value></Attribute></Attributes><ChildElements/><ElementName>origin</ElementName><required>false</required><RPYAttribute z:Ref="i99"/><XYZAttribute z:Ref="i98"/><isCustomized>false</isCustomized></URDFElement><URDFElement z:Id="i100" i:type="Geometry"><Attributes/><ChildElements><URDFElement z:Id="i101" i:type="Mesh"><Attributes><Attribute z:Id="i102"><AttributeType>filename</AttributeType><IsRequired>true</IsRequired><Value i:nil="true"/></Attribute></Attributes><ChildElements/><ElementName>mesh</ElementName><required>false</required><FilenameAttribute z:Ref="i102"/></URDFElement></ChildElements><ElementName>geometry</ElementName><required>true</required><Mesh z:Ref="i101"/></URDFElement></ChildElements><ElementName>collision</ElementName><required>false</required><Geometry z:Ref="i100"/><Origin z:Ref="i97"/></URDFElement><URDFElement z:Id="i103" i:type="Joint"><Attributes><Attribute z:Id="i104"><AttributeType>name</AttributeType><IsRequired>true</IsRequired><Value i:type="a:string" xmlns:a="http://www.w3.org/2001/XMLSchema">line_joint</Value></Attribute><Attribute z:Id="i105"><AttributeType>type</AttributeType><IsRequired>true</IsRequired><Value i:type="a:string" xmlns:a="http://www.w3.org/2001/XMLSchema">Automatically Detect</Value></Attribute></Attributes><ChildElements><URDFElement z:Id="i106" i:type="Origin"><Attributes><Attribute z:Id="i107"><AttributeType>xyz</AttributeType><IsRequired>true</IsRequired><Value i:type="a:ArrayOfdouble" xmlns:a="http://schemas.microsoft.com/2003/10/Serialization/Arrays"><a:double>0</a:double><a:double>0</a:double><a:double>0</a:double></Value></Attribute><Attribute z:Id="i108"><AttributeType>rpy</AttributeType><IsRequired>true</IsRequired><Value i:type="a:ArrayOfdouble" xmlns:a="http://schemas.microsoft.com/2003/10/Serialization/Arrays"><a:double>0</a:double><a:double>0</a:double><a:double>0</a:double></Value></Attribute></Attributes><ChildElements/><ElementName>origin</ElementName><required>false</required><RPYAttribute z:Ref="i108"/><XYZAttribute z:Ref="i107"/><isCustomized>false</isCustomized></URDFElement><URDFElement z:Id="i109" i:type="ParentLink"><Attributes><Attribute z:Id="i110"><AttributeType>link</AttributeType><IsRequired>true</IsRequired><Value i:type="a:string" xmlns:a="http://www.w3.org/2001/XMLSchema"/></Attribute></Attributes><ChildElements/><ElementName>parent</ElementName><required>true</required><NameAttribute z:Ref="i110"/></URDFElement><URDFElement z:Id="i111" i:type="ChildLink"><Attributes><Attribute z:Id="i112"><AttributeType>link</AttributeType><IsRequired>true</IsRequired><Value i:type="a:string" xmlns:a="http://www.w3.org/2001/XMLSchema"/></Attribute></Attributes><ChildElements/><ElementName>child</ElementName><required>true</required><NameAttribute z:Ref="i112"/></URDFElement><URDFElement z:Id="i113" i:type="Axis"><Attributes><Attribute z:Id="i114"><AttributeType>xyz</AttributeType><IsRequired>true</IsRequired><Value i:type="a:ArrayOfdouble" xmlns:a="http://schemas.microsoft.com/2003/10/Serialization/Arrays"><a:double>0</a:double><a:double>0</a:double><a:double>0</a:double></Value></Attribute></Attributes><ChildElements/><ElementName>axis</ElementName><required>false</required><XYZAttribute z:Ref="i114"/></URDFElement><URDFElement z:Id="i115" i:type="Limit"><Attributes><Attribute z:Id="i116"><AttributeType>lower</AttributeType><IsRequired>false</IsRequired><Value i:nil="true"/></Attribute><Attribute z:Id="i117"><AttributeType>upper</AttributeType><IsRequired>false</IsRequired><Value i:nil="true"/></Attribute><Attribute z:Id="i118"><AttributeType>effort</AttributeType><IsRequired>true</IsRequired><Value i:nil="true"/></Attribute><Attribute z:Id="i119"><AttributeType>velocity</AttributeType><IsRequired>true</IsRequired><Value i:nil="true"/></Attribute></Attributes><ChildElements/><ElementName>limit</ElementName><required>false</required><EffortAttribute z:Ref="i118"/><LowerAttribute z:Ref="i116"/><UpperAttribute z:Ref="i117"/><VelocityAttribute z:Ref="i119"/></URDFElement><URDFElement z:Id="i120" i:type="Calibration"><Attributes><Attribute z:Id="i121"><AttributeType>rising</AttributeType><IsRequired>false</IsRequired><Value i:nil="true"/></Attribute><Attribute z:Id="i122"><AttributeType>falling</AttributeType><IsRequired>false</IsRequired><Value i:nil="true"/></Attribute></Attributes><ChildElements/><ElementName>calibration</ElementName><required>false</required><FallingAttribute z:Ref="i122"/><RisingAttribute z:Ref="i121"/></URDFElement><URDFElement z:Id="i123" i:type="Dynamics"><Attributes><Attribute z:Id="i124"><AttributeType>damping</AttributeType><IsRequired>false</IsRequired><Value i:nil="true"/></Attribute><Attribute z:Id="i125"><AttributeType>friction</AttributeType><IsRequired>false</IsRequired><Value i:nil="true"/></Attribute></Attributes><ChildElements/><ElementName>dynamics</ElementName><required>false</required><DampingAttribute z:Ref="i124"/><FrictionAttribute z:Ref="i125"/></URDFElement><URDFElement z:Id="i126" i:type="SafetyController"><Attributes><Attribute z:Id="i127"><AttributeType>soft_upper_limit</AttributeType><IsRequired>false</IsRequired><Value i:nil="true"/></Attribute><Attribute z:Id="i128"><AttributeType>soft_lower_limit</AttributeType><IsRequired>false</IsRequired><Value i:nil="true"/></Attribute><Attribute z:Id="i129"><AttributeType>k_position</AttributeType><IsRequired>false</IsRequired><Value i:nil="true"/></Attribute><Attribute z:Id="i130"><AttributeType>k_velocity</AttributeType><IsRequired>true</IsRequired><Value i:nil="true"/></Attribute></Attributes><ChildElements/><ElementName>safety_controller</ElementName><required>false</required><KPositionAttribute z:Ref="i129"/><KVelocityAttribute z:Ref="i130"/><SoftLowerAttribute z:Ref="i128"/><SoftUpperAttribute z:Ref="i127"/></URDFElement><URDFElement z:Id="i131" i:type="Mimic"><Attributes><Attribute z:Id="i132"><AttributeType>joint</AttributeType><IsRequired>true</IsRequired><Value i:nil="true"/></Attribute><Attribute z:Id="i133"><AttributeType>multiplier</AttributeType><IsRequired>false</IsRequired><Value i:nil="true"/></Attribute><Attribute z:Id="i134"><AttributeType>offset</AttributeType><IsRequired>false</IsRequired><Value i:nil="true"/></Attribute></Attributes><ChildElements/><ElementName>mimic</ElementName><required>false</required><JointNameAttribute z:Ref="i132"/><MultiplierAttribute z:Ref="i133"/><OffsetAttribute z:Ref="i134"/></URDFElement></ChildElements><ElementName>joint</ElementName><required>false</required><Axis z:Ref="i113"/><AxisName>Automatically Generate</AxisName><Calibration z:Ref="i120"/><Child z:Ref="i111"/><CoordinateSystemName>Automatically Generate</CoordinateSystemName><Dynamics z:Ref="i123"/><Limit z:Ref="i115"/><Mimic z:Ref="i131"/><NameAttribute z:Ref="i104"/><Origin z:Ref="i106"/><Parent z:Ref="i109"/><Safety z:Ref="i126"/><TypeAttribute z:Ref="i105"/></URDFElement></ChildElements><ElementName>link</ElementName><required>true</required><Children/><Collision z:Ref="i96"/><Inertial z:Ref="i70"/><Joint z:Ref="i103"/><NameAttribute z:Ref="i69"/><Parent z:Ref="i1"/><STLQualityFine>false</STLQualityFine><SWComponentPIDs xmlns:a="http://schemas.microsoft.com/2003/10/Serialization/Arrays"><a:base64Binary>KCMAAAUAAAD//v8JQWi2Zy0AMgBAAN6YOmfBWH9nBAAAABAAAAABAAAAAQAAACoAAAA=</a:base64Binary><a:base64Binary>KCMAAAUAAAD//v8JQWi2Zy0AMwBAAN6YOmfBWH9nBAAAABAAAAABAAAAAQAAADUAAAA=</a:base64Binary><a:base64Binary>KCMAAAUAAAD//v8JQWi2Zy0ANABAAN6YOmfBWH9nBAAAABAAAAABAAAAAQAAADYAAAA=</a:base64Binary><a:base64Binary>KCMAAAUAAAD//v8JQWi2Zy0ANgBAAN6YOmfBWH9nBAAAABAAAAABAAAAAQAAADgAAAA=</a:base64Binary><a:base64Binary>KCMAAAUAAAD//v8JQWi2Zy0ANwBAAN6YOmfBWH9nBAAAABAAAAABAAAAAQAAADkAAAA=</a:base64Binary><a:base64Binary>KCMAAAUAAAD//v8KQWi2Zy0AMQA4AEAA3pg6Z8FYf2cEAAAAEAAAAAEAAAABAAAARwAAAA==</a:base64Binary><a:base64Binary>KCMAAAUAAAD//v8JQWi2Zy0ANQBAAN6YOmfBWH9nBAAAABAAAAABAAAAAQAAADcAAAA=</a:base64Binary><a:base64Binary>KCMAAAUAAAD//v8KQWi2Zy0AMQA0AEAA3pg6Z8FYf2cEAAAAEAAAAAEAAAABAAAAQwAAAA==</a:base64Binary><a:base64Binary>KCMAAAUAAAD//v8KQWi2Zy0AMQA2AEAA3pg6Z8FYf2cEAAAAEAAAAAEAAAABAAAARQAAAA==</a:base64Binary><a:base64Binary>KCMAAAUAAAD//v8KQWi2Zy0AMQAwAEAA3pg6Z8FYf2cEAAAAEAAAAAEAAAABAAAAPwAAAA==</a:base64Binary><a:base64Binary>KCMAAAUAAAD//v8JQWi2Zy0AOABAAN6YOmfBWH9nBAAAABAAAAABAAAAAQAAAD0AAAA=</a:base64Binary><a:base64Binary>KCMAAAUAAAD//v8KQWi2Zy0AMQAyAEAA3pg6Z8FYf2cEAAAAEAAAAAEAAAABAAAAQQAAAA==</a:base64Binary><a:base64Binary>KCMAAAUAAAD//v8KQWi2Zy0AMQAzAEAA3pg6Z8FYf2cEAAAAEAAAAAEAAAABAAAAQgAAAA==</a:base64Binary><a:base64Binary>KCMAAAUAAAD//v8JQWi2Zy0AOQBAAN6YOmfBWH9nBAAAABAAAAABAAAAAQAAAD4AAAA=</a:base64Binary><a:base64Binary>KCMAAAUAAAD//v8KQWi2Zy0AMQAxAEAA3pg6Z8FYf2cEAAAAEAAAAAEAAAABAAAAQAAAAA==</a:base64Binary><a:base64Binary>KCMAAAUAAAD//v8KQWi2Zy0AMQA3AEAA3pg6Z8FYf2cEAAAAEAAAAAEAAAABAAAARgAAAA==</a:base64Binary><a:base64Binary>KCMAAAUAAAD//v8KQWi2Zy0AMQA1AEAA3pg6Z8FYf2cEAAAAEAAAAAEAAAABAAAARAAAAA==</a:base64Binary><a:base64Binary>KCMAAAUAAAD//v8KQWi2Zy0AMQA5AEAA3pg6Z8FYf2cEAAAAEAAAAAEAAAABAAAASAAAAA==</a:base64Binary></SWComponentPIDs><SWMainComponentPID i:nil="true"/><Visual z:Ref="i83"/><isFixedFrame>false</isFixedFrame><isIncomplete>false</isIncomplete></Link></Children><Collision z:Ref="i29"/><Inertial z:Ref="i3"/><Joint z:Ref="i36"/><NameAttribute z:Ref="i2"/><Parent i:nil="true"/><STLQualityFine>false</STLQualityFine><SWComponentPIDs xmlns:a="http://schemas.microsoft.com/2003/10/Serialization/Arrays"><a:base64Binary>KCMAAAUAAAD//v8JwVh/Zy0AMQBAAN6YOmfBWH9nBAAAABAAAAABAAAAAQAAABYAAAA=</a:base64Binary></SWComponentPIDs><SWMainComponentPID i:nil="true"/><Visual z:Ref="i16"/><isFixedFrame>false</isFixedFrame><isIncomplete>false</isIncomplete></Link>
2023-02-26 20:49:44,109 INFO  AssemblyExportForm.cs: 309 - Saving URDF package to C:\Users\zju\Desktop\plane_board\plane_urdf
2023-02-26 20:49:44,113 INFO  ExportHelper.cs: 147 - Beginning the export process
2023-02-26 20:49:44,117 INFO  ExportHelper.cs: 153 - Creating package directories with name plane_urdf and save path C:\Users\zju\Desktop\plane_board
2023-02-26 20:49:45,578 INFO  ExportHelper.cs: 162 - Creating CMakeLists.txt at C:\Users\zju\Desktop\plane_board\plane_urdf\CMakeLists.txt
2023-02-26 20:49:45,582 INFO  ExportHelper.cs: 166 - Creating joint names config at C:\Users\zju\Desktop\plane_board\plane_urdf\config\joint_names_plane_urdf.yaml
2023-02-26 20:49:45,584 INFO  ExportHelper.cs: 170 - Creating package.xml at C:\Users\zju\Desktop\plane_board\plane_urdf\package.xml
2023-02-26 20:49:45,585 INFO  PackageXMLWriter.cs: 21 - Creating package.xml at C:\Users\zju\Desktop\plane_board\plane_urdf\package.xml
2023-02-26 20:49:45,594 INFO  ExportHelper.cs: 177 - Creating RVIZ launch file in C:\Users\zju\Desktop\plane_board\plane_urdf\launch\
2023-02-26 20:49:45,598 INFO  ExportHelper.cs: 182 - Creating Gazebo launch file in C:\Users\zju\Desktop\plane_board\plane_urdf\launch\
2023-02-26 20:49:45,599 INFO  ExportHelper.cs: 187 - Saving existing STL preferences
2023-02-26 20:49:45,600 INFO  ExportHelper.cs: 450 - Saving users preferences
2023-02-26 20:49:45,601 INFO  ExportHelper.cs: 190 - Modifying STL preferences
2023-02-26 20:49:45,602 INFO  ExportHelper.cs: 464 - Setting STL preferences
2023-02-26 20:49:45,615 INFO  ExportHelper.cs: 196 - Found 0 hidden components 
2023-02-26 20:49:45,616 INFO  ExportHelper.cs: 197 - Hiding all components
2023-02-26 20:49:46,446 INFO  ExportHelper.cs: 204 - Beginning individual files export
2023-02-26 20:49:46,450 INFO  ExportHelper.cs: 270 - Exporting link: base_link
2023-02-26 20:49:46,451 INFO  ExportHelper.cs: 272 - Link base_link has 1 children
2023-02-26 20:49:46,457 INFO  ExportHelper.cs: 270 - Exporting link: line_Link
2023-02-26 20:49:46,458 INFO  ExportHelper.cs: 272 - Link line_Link has 0 children
2023-02-26 20:49:46,459 INFO  ExportHelper.cs: 317 - line_Link: Exporting STL with coordinate frame Origin_line_joint
2023-02-26 20:49:46,459 INFO  ExportHelper.cs: 322 - line_Link: Reference geometry name 
2023-02-26 20:49:46,597 INFO  ExportHelper.cs: 330 - Saving STL to C:\Users\zju\Desktop\plane_board\plane_urdf\meshes\line_Link.STL
2023-02-26 20:49:47,421 INFO  ExportHelper.cs: 405 - Removing SW header in STL file
2023-02-26 20:49:47,423 INFO  ExportHelper.cs: 317 - base_link: Exporting STL with coordinate frame Origin_global
2023-02-26 20:49:47,424 INFO  ExportHelper.cs: 322 - base_link: Reference geometry name 
2023-02-26 20:49:47,500 INFO  ExportHelper.cs: 330 - Saving STL to C:\Users\zju\Desktop\plane_board\plane_urdf\meshes\base_link.STL
2023-02-26 20:49:47,569 INFO  ExportHelper.cs: 405 - Removing SW header in STL file
2023-02-26 20:49:47,570 INFO  ExportHelper.cs: 145 - Showing all components except previously hidden components
2023-02-26 20:49:47,762 INFO  ExportHelper.cs: 145 - Resetting STL preferences
2023-02-26 20:49:47,763 INFO  ExportHelper.cs: 478 - Returning STL preferences to user preferences
2023-02-26 20:49:47,764 INFO  ExportHelper.cs: 228 - Writing URDF file to C:\Users\zju\Desktop\plane_board\plane_urdf\urdf\plane_urdf.urdf
2023-02-26 20:49:47,774 INFO  CSVImportExport.cs: 32 - Writing CSV file C:\Users\zju\Desktop\plane_board\plane_urdf\urdf\plane_urdf.csv
2023-02-26 20:49:47,812 ERROR CSVImportExport.cs: 130 - The following columns were not written to the CSV: Link.Joint.ChildLink.link,
2023-02-26 20:49:47,813 ERROR CSVImportExport.cs: 130 - The following columns were not written to the CSV: Link.Joint.ChildLink.link,
2023-02-26 20:49:47,813 INFO  ExportHelper.cs: 234 - Copying log file
2023-02-26 20:49:47,819 INFO  ExportHelper.cs: 439 - Copying C:\Users\zju\sw2urdf_logs\sw2urdf.log to C:\Users\zju\Desktop\plane_board\plane_urdf\export.log
